/home/hali/ros2_ws/install/signal_processing_pkg/lib/python3.10/site-packages/signal_processing_pkg/signal_source.py
/home/hali/ros2_ws/install/signal_processing_pkg/lib/python3.10/site-packages/signal_processing_pkg/__init__.py
/home/hali/ros2_ws/install/signal_processing_pkg/lib/python3.10/site-packages/signal_processing_pkg/present_data.py
/home/hali/ros2_ws/install/signal_processing_pkg/lib/python3.10/site-packages/signal_processing_pkg/lp_filter.py
/home/hali/ros2_ws/install/signal_processing_pkg/lib/python3.10/site-packages/signal_processing_pkg/__pycache__/signal_source.cpython-310.pyc
/home/hali/ros2_ws/install/signal_processing_pkg/lib/python3.10/site-packages/signal_processing_pkg/__pycache__/__init__.cpython-310.pyc
/home/hali/ros2_ws/install/signal_processing_pkg/lib/python3.10/site-packages/signal_processing_pkg/__pycache__/present_data.cpython-310.pyc
/home/hali/ros2_ws/install/signal_processing_pkg/lib/python3.10/site-packages/signal_processing_pkg/__pycache__/lp_filter.cpython-310.pyc
/home/hali/ros2_ws/install/signal_processing_pkg/share/ament_index/resource_index/packages/signal_processing_pkg
/home/hali/ros2_ws/install/signal_processing_pkg/share/signal_processing_pkg/package.xml
/home/hali/ros2_ws/install/signal_processing_pkg/share/signal_processing_pkg/signal_raw.dat
/home/hali/ros2_ws/install/signal_processing_pkg/lib/python3.10/site-packages/signal_processing_pkg-0.0.1-py3.10.egg-info/entry_points.txt
/home/hali/ros2_ws/install/signal_processing_pkg/lib/python3.10/site-packages/signal_processing_pkg-0.0.1-py3.10.egg-info/PKG-INFO
/home/hali/ros2_ws/install/signal_processing_pkg/lib/python3.10/site-packages/signal_processing_pkg-0.0.1-py3.10.egg-info/dependency_links.txt
/home/hali/ros2_ws/install/signal_processing_pkg/lib/python3.10/site-packages/signal_processing_pkg-0.0.1-py3.10.egg-info/zip-safe
/home/hali/ros2_ws/install/signal_processing_pkg/lib/python3.10/site-packages/signal_processing_pkg-0.0.1-py3.10.egg-info/top_level.txt
/home/hali/ros2_ws/install/signal_processing_pkg/lib/python3.10/site-packages/signal_processing_pkg-0.0.1-py3.10.egg-info/SOURCES.txt
/home/hali/ros2_ws/install/signal_processing_pkg/lib/python3.10/site-packages/signal_processing_pkg-0.0.1-py3.10.egg-info/requires.txt
/home/hali/ros2_ws/install/signal_processing_pkg/lib/signal_processing_pkg/lp_filter
/home/hali/ros2_ws/install/signal_processing_pkg/lib/signal_processing_pkg/present_data
/home/hali/ros2_ws/install/signal_processing_pkg/lib/signal_processing_pkg/signal_source
