running egg_info
writing ../../build/signal_processing_pkg/signal_processing_pkg.egg-info/PKG-INFO
writing dependency_links to ../../build/signal_processing_pkg/signal_processing_pkg.egg-info/dependency_links.txt
writing entry points to ../../build/signal_processing_pkg/signal_processing_pkg.egg-info/entry_points.txt
writing requirements to ../../build/signal_processing_pkg/signal_processing_pkg.egg-info/requires.txt
writing top-level names to ../../build/signal_processing_pkg/signal_processing_pkg.egg-info/top_level.txt
reading manifest file '../../build/signal_processing_pkg/signal_processing_pkg.egg-info/SOURCES.txt'
writing manifest file '../../build/signal_processing_pkg/signal_processing_pkg.egg-info/SOURCES.txt'
running build
running build_py
copying signal_processing_pkg/signal_source.py -> /home/hali/ros2_ws/build/signal_processing_pkg/build/lib/signal_processing_pkg
running install
running install_lib
copying /home/hali/ros2_ws/build/signal_processing_pkg/build/lib/signal_processing_pkg/signal_source.py -> /home/hali/ros2_ws/install/signal_processing_pkg/lib/python3.10/site-packages/signal_processing_pkg
byte-compiling /home/hali/ros2_ws/install/signal_processing_pkg/lib/python3.10/site-packages/signal_processing_pkg/signal_source.py to signal_source.cpython-310.pyc
running install_data
running install_egg_info
removing '/home/hali/ros2_ws/install/signal_processing_pkg/lib/python3.10/site-packages/signal_processing_pkg-0.0.1-py3.10.egg-info' (and everything under it)
Copying ../../build/signal_processing_pkg/signal_processing_pkg.egg-info to /home/hali/ros2_ws/install/signal_processing_pkg/lib/python3.10/site-packages/signal_processing_pkg-0.0.1-py3.10.egg-info
running install_scripts
Installing lp_filter script to /home/hali/ros2_ws/install/signal_processing_pkg/lib/signal_processing_pkg
Installing present_data script to /home/hali/ros2_ws/install/signal_processing_pkg/lib/signal_processing_pkg
Installing signal_source script to /home/hali/ros2_ws/install/signal_processing_pkg/lib/signal_processing_pkg
writing list of installed files to '/home/hali/ros2_ws/build/signal_processing_pkg/install.log'
