[1.320s] Invoking command in '/home/hali/ros2_ws/src/signal_processing_pkg': PYTHONPATH=/home/hali/ros2_ws/build/signal_processing_pkg/prefix_override:/usr/lib/python3/dist-packages/colcon_core/task/python/colcon_distutils_commands:/home/hali/ros2_ws/install/signal_processing_pkg/lib/python3.10/site-packages:${PYTHONPATH} /usr/bin/python3 -W ignore:setup.py install is deprecated setup.py egg_info --egg-base ../../build/signal_processing_pkg build --build-base /home/hali/ros2_ws/build/signal_processing_pkg/build install --record /home/hali/ros2_ws/build/signal_processing_pkg/install.log --single-version-externally-managed install_data
[1.763s] running egg_info
[1.763s] writing ../../build/signal_processing_pkg/signal_processing_pkg.egg-info/PKG-INFO
[1.774s] writing dependency_links to ../../build/signal_processing_pkg/signal_processing_pkg.egg-info/dependency_links.txt
[1.774s] writing entry points to ../../build/signal_processing_pkg/signal_processing_pkg.egg-info/entry_points.txt
[1.774s] writing requirements to ../../build/signal_processing_pkg/signal_processing_pkg.egg-info/requires.txt
[1.782s] writing top-level names to ../../build/signal_processing_pkg/signal_processing_pkg.egg-info/top_level.txt
[1.784s] reading manifest file '../../build/signal_processing_pkg/signal_processing_pkg.egg-info/SOURCES.txt'
[1.784s] writing manifest file '../../build/signal_processing_pkg/signal_processing_pkg.egg-info/SOURCES.txt'
[1.784s] running build
[1.784s] running build_py
[1.784s] copying signal_processing_pkg/signal_source.py -> /home/hali/ros2_ws/build/signal_processing_pkg/build/lib/signal_processing_pkg
[1.784s] running install
[1.784s] running install_lib
[1.784s] copying /home/hali/ros2_ws/build/signal_processing_pkg/build/lib/signal_processing_pkg/signal_source.py -> /home/hali/ros2_ws/install/signal_processing_pkg/lib/python3.10/site-packages/signal_processing_pkg
[1.784s] byte-compiling /home/hali/ros2_ws/install/signal_processing_pkg/lib/python3.10/site-packages/signal_processing_pkg/signal_source.py to signal_source.cpython-310.pyc
[1.785s] running install_data
[1.785s] running install_egg_info
[1.787s] removing '/home/hali/ros2_ws/install/signal_processing_pkg/lib/python3.10/site-packages/signal_processing_pkg-0.0.1-py3.10.egg-info' (and everything under it)
[1.788s] Copying ../../build/signal_processing_pkg/signal_processing_pkg.egg-info to /home/hali/ros2_ws/install/signal_processing_pkg/lib/python3.10/site-packages/signal_processing_pkg-0.0.1-py3.10.egg-info
[1.788s] running install_scripts
[1.845s] Installing lp_filter script to /home/hali/ros2_ws/install/signal_processing_pkg/lib/signal_processing_pkg
[1.845s] Installing present_data script to /home/hali/ros2_ws/install/signal_processing_pkg/lib/signal_processing_pkg
[1.845s] Installing signal_source script to /home/hali/ros2_ws/install/signal_processing_pkg/lib/signal_processing_pkg
[1.845s] writing list of installed files to '/home/hali/ros2_ws/build/signal_processing_pkg/install.log'
[1.921s] Invoked command in '/home/hali/ros2_ws/src/signal_processing_pkg' returned '0': PYTHONPATH=/home/hali/ros2_ws/build/signal_processing_pkg/prefix_override:/usr/lib/python3/dist-packages/colcon_core/task/python/colcon_distutils_commands:/home/hali/ros2_ws/install/signal_processing_pkg/lib/python3.10/site-packages:${PYTHONPATH} /usr/bin/python3 -W ignore:setup.py install is deprecated setup.py egg_info --egg-base ../../build/signal_processing_pkg build --build-base /home/hali/ros2_ws/build/signal_processing_pkg/build install --record /home/hali/ros2_ws/build/signal_processing_pkg/install.log --single-version-externally-managed install_data
