[2.032s] Invoking command in '/home/hali/ros2_ws/src/signal_processing_pkg': PYTHONPATH=/home/hali/ros2_ws/build/signal_processing_pkg/prefix_override:/usr/lib/python3/dist-packages/colcon_core/task/python/colcon_distutils_commands:/home/hali/ros2_ws/install/signal_processing_pkg/lib/python3.10/site-packages:${PYTHONPATH} /usr/bin/python3 -W ignore:setup.py install is deprecated setup.py egg_info --egg-base ../../build/signal_processing_pkg build --build-base /home/hali/ros2_ws/build/signal_processing_pkg/build install --record /home/hali/ros2_ws/build/signal_processing_pkg/install.log --single-version-externally-managed install_data
[2.320s] running egg_info
[2.322s] creating ../../build/signal_processing_pkg/signal_processing_pkg.egg-info
[2.322s] writing ../../build/signal_processing_pkg/signal_processing_pkg.egg-info/PKG-INFO
[2.322s] writing dependency_links to ../../build/signal_processing_pkg/signal_processing_pkg.egg-info/dependency_links.txt
[2.322s] writing entry points to ../../build/signal_processing_pkg/signal_processing_pkg.egg-info/entry_points.txt
[2.322s] writing requirements to ../../build/signal_processing_pkg/signal_processing_pkg.egg-info/requires.txt
[2.322s] writing top-level names to ../../build/signal_processing_pkg/signal_processing_pkg.egg-info/top_level.txt
[2.322s] writing manifest file '../../build/signal_processing_pkg/signal_processing_pkg.egg-info/SOURCES.txt'
[2.323s] reading manifest file '../../build/signal_processing_pkg/signal_processing_pkg.egg-info/SOURCES.txt'
[2.324s] writing manifest file '../../build/signal_processing_pkg/signal_processing_pkg.egg-info/SOURCES.txt'
[2.324s] running build
[2.324s] running build_py
[2.324s] creating /home/hali/ros2_ws/build/signal_processing_pkg/build
[2.324s] creating /home/hali/ros2_ws/build/signal_processing_pkg/build/lib
[2.325s] creating /home/hali/ros2_ws/build/signal_processing_pkg/build/lib/signal_processing_pkg
[2.325s] copying signal_processing_pkg/signal_source.py -> /home/hali/ros2_ws/build/signal_processing_pkg/build/lib/signal_processing_pkg
[2.326s] copying signal_processing_pkg/__init__.py -> /home/hali/ros2_ws/build/signal_processing_pkg/build/lib/signal_processing_pkg
[2.326s] copying signal_processing_pkg/present_data.py -> /home/hali/ros2_ws/build/signal_processing_pkg/build/lib/signal_processing_pkg
[2.326s] copying signal_processing_pkg/lp_filter.py -> /home/hali/ros2_ws/build/signal_processing_pkg/build/lib/signal_processing_pkg
[2.326s] running install
[2.326s] running install_lib
[2.327s] creating /home/hali/ros2_ws/install/signal_processing_pkg/lib/python3.10/site-packages/signal_processing_pkg
[2.327s] copying /home/hali/ros2_ws/build/signal_processing_pkg/build/lib/signal_processing_pkg/signal_source.py -> /home/hali/ros2_ws/install/signal_processing_pkg/lib/python3.10/site-packages/signal_processing_pkg
[2.328s] copying /home/hali/ros2_ws/build/signal_processing_pkg/build/lib/signal_processing_pkg/__init__.py -> /home/hali/ros2_ws/install/signal_processing_pkg/lib/python3.10/site-packages/signal_processing_pkg
[2.328s] copying /home/hali/ros2_ws/build/signal_processing_pkg/build/lib/signal_processing_pkg/present_data.py -> /home/hali/ros2_ws/install/signal_processing_pkg/lib/python3.10/site-packages/signal_processing_pkg
[2.328s] copying /home/hali/ros2_ws/build/signal_processing_pkg/build/lib/signal_processing_pkg/lp_filter.py -> /home/hali/ros2_ws/install/signal_processing_pkg/lib/python3.10/site-packages/signal_processing_pkg
[2.328s] byte-compiling /home/hali/ros2_ws/install/signal_processing_pkg/lib/python3.10/site-packages/signal_processing_pkg/signal_source.py to signal_source.cpython-310.pyc
[2.329s] byte-compiling /home/hali/ros2_ws/install/signal_processing_pkg/lib/python3.10/site-packages/signal_processing_pkg/__init__.py to __init__.cpython-310.pyc
[2.330s] byte-compiling /home/hali/ros2_ws/install/signal_processing_pkg/lib/python3.10/site-packages/signal_processing_pkg/present_data.py to present_data.cpython-310.pyc
[2.330s] byte-compiling /home/hali/ros2_ws/install/signal_processing_pkg/lib/python3.10/site-packages/signal_processing_pkg/lp_filter.py to lp_filter.cpython-310.pyc
[2.330s] running install_data
[2.330s] creating /home/hali/ros2_ws/install/signal_processing_pkg/share/ament_index
[2.331s] creating /home/hali/ros2_ws/install/signal_processing_pkg/share/ament_index/resource_index
[2.331s] creating /home/hali/ros2_ws/install/signal_processing_pkg/share/ament_index/resource_index/packages
[2.331s] copying resource/signal_processing_pkg -> /home/hali/ros2_ws/install/signal_processing_pkg/share/ament_index/resource_index/packages
[2.331s] copying package.xml -> /home/hali/ros2_ws/install/signal_processing_pkg/share/signal_processing_pkg
[2.331s] copying signal_raw.dat -> /home/hali/ros2_ws/install/signal_processing_pkg/share/signal_processing_pkg
[2.331s] running install_egg_info
[2.336s] Copying ../../build/signal_processing_pkg/signal_processing_pkg.egg-info to /home/hali/ros2_ws/install/signal_processing_pkg/lib/python3.10/site-packages/signal_processing_pkg-0.0.1-py3.10.egg-info
[2.340s] running install_scripts
[2.366s] Installing lp_filter script to /home/hali/ros2_ws/install/signal_processing_pkg/lib/signal_processing_pkg
[2.367s] Installing present_data script to /home/hali/ros2_ws/install/signal_processing_pkg/lib/signal_processing_pkg
[2.367s] Installing signal_source script to /home/hali/ros2_ws/install/signal_processing_pkg/lib/signal_processing_pkg
[2.367s] writing list of installed files to '/home/hali/ros2_ws/build/signal_processing_pkg/install.log'
[2.426s] Invoked command in '/home/hali/ros2_ws/src/signal_processing_pkg' returned '0': PYTHONPATH=/home/hali/ros2_ws/build/signal_processing_pkg/prefix_override:/usr/lib/python3/dist-packages/colcon_core/task/python/colcon_distutils_commands:/home/hali/ros2_ws/install/signal_processing_pkg/lib/python3.10/site-packages:${PYTHONPATH} /usr/bin/python3 -W ignore:setup.py install is deprecated setup.py egg_info --egg-base ../../build/signal_processing_pkg build --build-base /home/hali/ros2_ws/build/signal_processing_pkg/build install --record /home/hali/ros2_ws/build/signal_processing_pkg/install.log --single-version-externally-managed install_data
